This is pdfTeX, Version 3.14159265-2.6-1.40.16 (TeX Live 2015) (preloaded format=pdflatex 2015.5.24)  9 OCT 2018 19:56
entering extended mode
 restricted \write18 enabled.
 file:line:error style messages enabled.
 %&-line parsing enabled.
**DimRedPaper.tex
(./DimRedPaper.tex
LaTeX2e <2015/01/01>
Babel <3.9l> and hyphenation patterns for 79 languages loaded.
(/usr/local/texlive/2015/texmf-dist/tex/latex/IEEEtran/IEEEtran.cls
Document Class: IEEEtran 2014/09/17 V1.8a by Michael Shell
-- See the "IEEEtran_HOWTO" manual for usage information.
-- http://www.michaelshell.org/tex/ieeetran/
\@IEEEtrantmpdimenA=\dimen102
\@IEEEtrantmpdimenB=\dimen103
\@IEEEtrantmpdimenC=\dimen104
\@IEEEtrantmpcountA=\count79
\@IEEEtrantmpcountB=\count80
\@IEEEtrantmpcountC=\count81
\@IEEEtrantmptoksA=\toks14
LaTeX Font Info:    Try loading font information for OT1+ptm on input line 458.

(/usr/local/texlive/2015/texmf-dist/tex/latex/psnfss/ot1ptm.fd
File: ot1ptm.fd 2001/06/04 font definitions for OT1/ptm.
)
** ATTENTION: Single column mode is not typically used with IEEE publications.
-- Using 8.5in x 11in (letter) paper.
-- Using PDF output.
\@IEEEnormalsizeunitybaselineskip=\dimen105
-- This is a 10 point document.
\CLASSINFOnormalsizebaselineskip=\dimen106
\CLASSINFOnormalsizeunitybaselineskip=\dimen107
\IEEEnormaljot=\dimen108
LaTeX Font Info:    Font shape `OT1/ptm/bx/n' in size <5> not available
(Font)              Font shape `OT1/ptm/b/n' tried instead on input line 1039.
LaTeX Font Info:    Font shape `OT1/ptm/bx/it' in size <5> not available
(Font)              Font shape `OT1/ptm/b/it' tried instead on input line 1039.

LaTeX Font Info:    Font shape `OT1/ptm/bx/n' in size <7> not available
(Font)              Font shape `OT1/ptm/b/n' tried instead on input line 1039.
LaTeX Font Info:    Font shape `OT1/ptm/bx/it' in size <7> not available
(Font)              Font shape `OT1/ptm/b/it' tried instead on input line 1039.

LaTeX Font Info:    Font shape `OT1/ptm/bx/n' in size <8> not available
(Font)              Font shape `OT1/ptm/b/n' tried instead on input line 1039.
LaTeX Font Info:    Font shape `OT1/ptm/bx/it' in size <8> not available
(Font)              Font shape `OT1/ptm/b/it' tried instead on input line 1039.

LaTeX Font Info:    Font shape `OT1/ptm/bx/n' in size <9> not available
(Font)              Font shape `OT1/ptm/b/n' tried instead on input line 1039.
LaTeX Font Info:    Font shape `OT1/ptm/bx/it' in size <9> not available
(Font)              Font shape `OT1/ptm/b/it' tried instead on input line 1039.

LaTeX Font Info:    Font shape `OT1/ptm/bx/n' in size <10> not available
(Font)              Font shape `OT1/ptm/b/n' tried instead on input line 1039.
LaTeX Font Info:    Font shape `OT1/ptm/bx/it' in size <10> not available
(Font)              Font shape `OT1/ptm/b/it' tried instead on input line 1039.

LaTeX Font Info:    Font shape `OT1/ptm/bx/n' in size <11> not available
(Font)              Font shape `OT1/ptm/b/n' tried instead on input line 1039.
LaTeX Font Info:    Font shape `OT1/ptm/bx/it' in size <11> not available
(Font)              Font shape `OT1/ptm/b/it' tried instead on input line 1039.

LaTeX Font Info:    Font shape `OT1/ptm/bx/n' in size <12> not available
(Font)              Font shape `OT1/ptm/b/n' tried instead on input line 1039.
LaTeX Font Info:    Font shape `OT1/ptm/bx/it' in size <12> not available
(Font)              Font shape `OT1/ptm/b/it' tried instead on input line 1039.

LaTeX Font Info:    Font shape `OT1/ptm/bx/n' in size <17> not available
(Font)              Font shape `OT1/ptm/b/n' tried instead on input line 1039.
LaTeX Font Info:    Font shape `OT1/ptm/bx/it' in size <17> not available
(Font)              Font shape `OT1/ptm/b/it' tried instead on input line 1039.

LaTeX Font Info:    Font shape `OT1/ptm/bx/n' in size <20> not available
(Font)              Font shape `OT1/ptm/b/n' tried instead on input line 1039.
LaTeX Font Info:    Font shape `OT1/ptm/bx/it' in size <20> not available
(Font)              Font shape `OT1/ptm/b/it' tried instead on input line 1039.

LaTeX Font Info:    Font shape `OT1/ptm/bx/n' in size <24> not available
(Font)              Font shape `OT1/ptm/b/n' tried instead on input line 1039.
LaTeX Font Info:    Font shape `OT1/ptm/bx/it' in size <24> not available
(Font)              Font shape `OT1/ptm/b/it' tried instead on input line 1039.

\IEEEquantizedlength=\dimen109
\IEEEquantizedlengthdiff=\dimen110
\IEEEquantizedtextheightdiff=\dimen111
\IEEEilabelindentA=\dimen112
\IEEEilabelindentB=\dimen113
\IEEEilabelindent=\dimen114
\IEEEelabelindent=\dimen115
\IEEEdlabelindent=\dimen116
\IEEElabelindent=\dimen117
\IEEEiednormlabelsep=\dimen118
\IEEEiedmathlabelsep=\dimen119
\IEEEiedtopsep=\skip41
\c@section=\count82
\c@subsection=\count83
\c@subsubsection=\count84
\c@paragraph=\count85
\c@IEEEsubequation=\count86
\abovecaptionskip=\skip42
\belowcaptionskip=\skip43
\c@figure=\count87
\c@table=\count88
\@IEEEeqnnumcols=\count89
\@IEEEeqncolcnt=\count90
\@IEEEsubeqnnumrollback=\count91
\@IEEEquantizeheightA=\dimen120
\@IEEEquantizeheightB=\dimen121
\@IEEEquantizeheightC=\dimen122
\@IEEEquantizeprevdepth=\dimen123
\@IEEEquantizemultiple=\count92
\@IEEEquantizeboxA=\box26
\@IEEEtmpitemindent=\dimen124
\c@IEEEbiography=\count93
\@IEEEtranrubishbin=\box27
)
** ATTENTION: Overriding command lockouts (line 2).
(/usr/local/texlive/2015/texmf-dist/tex/latex/cite/cite.sty
LaTeX Info: Redefining \cite on input line 302.
LaTeX Info: Redefining \nocite on input line 332.
Package: cite 2015/02/27  v 5.5
)
(/usr/local/texlive/2015/texmf-dist/tex/latex/subfig/subfig.sty
Package: subfig 2005/06/28 ver: 1.3 subfig package

(/usr/local/texlive/2015/texmf-dist/tex/latex/graphics/keyval.sty
Package: keyval 2014/10/28 v1.15 key=value parser (DPC)
\KV@toks@=\toks15
)
(/usr/local/texlive/2015/texmf-dist/tex/latex/caption/caption.sty
Package: caption 2013/05/02 v3.3-89 Customizing captions (AR)

(/usr/local/texlive/2015/texmf-dist/tex/latex/caption/caption3.sty
Package: caption3 2013/05/02 v1.6-88 caption3 kernel (AR)
Package caption3 Info: TeX engine: e-TeX on input line 57.
\captionmargin=\dimen125
\captionmargin@=\dimen126
\captionwidth=\dimen127
\caption@tempdima=\dimen128
\caption@indent=\dimen129
\caption@parindent=\dimen130
\caption@hangindent=\dimen131
Package caption Info: Unknown document class (or package),
(caption)             standard defaults will be used.
)

Package caption Warning: Unsupported document class (or package) detected,
(caption)                usage of the caption package is not recommended.
See the caption package documentation for explanation.

Package caption Info: \@makecaption = \long macro:#1#2->\ifx \@captype \@IEEEta
blestring \footnotesize \bgroup \par \centering \@IEEEtabletopskipstrut {\norma
lfont \footnotesize #1}\\{\normalfont \footnotesize \scshape #2}\par \addvspace
 {0.5\baselineskip }\egroup \@IEEEtablecaptionsepspace \else \@IEEEfigurecaptio
nsepspace \setbox \@tempboxa \hbox {\normalfont \footnotesize {#1.}\nobreakspac
e \nobreakspace #2}\ifdim \wd \@tempboxa >\hsize \setbox \@tempboxa \hbox {\nor
malfont \footnotesize {#1.}\nobreakspace \nobreakspace }\parbox [t]{\hsize }{\n
ormalfont \footnotesize \noindent \unhbox \@tempboxa #2}\else \ifCLASSOPTIONcon
ference \hbox to\hsize {\normalfont \footnotesize \hfil \box \@tempboxa \hfil }
\else \hbox to\hsize {\normalfont \footnotesize \box \@tempboxa \hfil }\fi \fi 
\fi .
\c@ContinuedFloat=\count94
)
\c@KVtest=\count95
\sf@farskip=\skip44
\sf@captopadj=\dimen132
\sf@capskip=\skip45
\sf@nearskip=\skip46
\c@subfigure=\count96
\c@subfigure@save=\count97
\c@lofdepth=\count98
\c@subtable=\count99
\c@subtable@save=\count100
\c@lotdepth=\count101
\sf@top=\skip47
\sf@bottom=\skip48
) (/usr/local/texlive/2015/texmf-dist/tex/latex/float/float.sty
Package: float 2001/11/08 v1.3d Float enhancements (AL)
\c@float@type=\count102
\float@exts=\toks16
\float@box=\box28
\@float@everytoks=\toks17
\@floatcapt=\box29
)
(/usr/local/texlive/2015/texmf-dist/tex/latex/amsmath/amsmath.sty
Package: amsmath 2013/01/14 v2.14 AMS math features
\@mathmargin=\skip49

For additional information on amsmath, use the `?' option.
(/usr/local/texlive/2015/texmf-dist/tex/latex/amsmath/amstext.sty
Package: amstext 2000/06/29 v2.01

(/usr/local/texlive/2015/texmf-dist/tex/latex/amsmath/amsgen.sty
File: amsgen.sty 1999/11/30 v2.0
\@emptytoks=\toks18
\ex@=\dimen133
))
(/usr/local/texlive/2015/texmf-dist/tex/latex/amsmath/amsbsy.sty
Package: amsbsy 1999/11/29 v1.2d
\pmbraise@=\dimen134
)
(/usr/local/texlive/2015/texmf-dist/tex/latex/amsmath/amsopn.sty
Package: amsopn 1999/12/14 v2.01 operator names
)
\inf@bad=\count103
LaTeX Info: Redefining \frac on input line 210.
\uproot@=\count104
\leftroot@=\count105
LaTeX Info: Redefining \overline on input line 306.
\classnum@=\count106
\DOTSCASE@=\count107
LaTeX Info: Redefining \ldots on input line 378.
LaTeX Info: Redefining \dots on input line 381.
LaTeX Info: Redefining \cdots on input line 466.
\Mathstrutbox@=\box30
\strutbox@=\box31
\big@size=\dimen135
LaTeX Font Info:    Redeclaring font encoding OML on input line 566.
LaTeX Font Info:    Redeclaring font encoding OMS on input line 567.
\macc@depth=\count108
\c@MaxMatrixCols=\count109
\dotsspace@=\muskip10
\c@parentequation=\count110
\dspbrk@lvl=\count111
\tag@help=\toks19
\row@=\count112
\column@=\count113
\maxfields@=\count114
\andhelp@=\toks20
\eqnshift@=\dimen136
\alignsep@=\dimen137
\tagshift@=\dimen138
\tagwidth@=\dimen139
\totwidth@=\dimen140
\lineht@=\dimen141
\@envbody=\toks21
\multlinegap=\skip50
\multlinetaggap=\skip51
\mathdisplay@stack=\toks22
LaTeX Info: Redefining \[ on input line 2665.
LaTeX Info: Redefining \] on input line 2666.
)
(/usr/local/texlive/2015/texmf-dist/tex/latex/amsfonts/amssymb.sty
Package: amssymb 2013/01/14 v3.01 AMS font symbols

(/usr/local/texlive/2015/texmf-dist/tex/latex/amsfonts/amsfonts.sty
Package: amsfonts 2013/01/14 v3.01 Basic AMSFonts support
\symAMSa=\mathgroup4
\symAMSb=\mathgroup5
LaTeX Font Info:    Overwriting math alphabet `\mathfrak' in version `bold'
(Font)                  U/euf/m/n --> U/euf/b/n on input line 106.
))
(/usr/local/texlive/2015/texmf-dist/tex/latex/algorithms/algorithmic.sty
Package: algorithmic 2009/08/24 v0.1 Document Style `algorithmic'

(/usr/local/texlive/2015/texmf-dist/tex/latex/base/ifthen.sty
Package: ifthen 2014/09/29 v1.1c Standard LaTeX ifthen package (DPC)
)
\c@ALC@unique=\count115
\c@ALC@line=\count116
\c@ALC@rem=\count117
\c@ALC@depth=\count118
\ALC@tlm=\skip52
\algorithmicindent=\skip53
)
(/usr/local/texlive/2015/texmf-dist/tex/latex/graphics/graphicx.sty
Package: graphicx 2014/10/28 v1.0g Enhanced LaTeX Graphics (DPC,SPQR)

(/usr/local/texlive/2015/texmf-dist/tex/latex/graphics/graphics.sty
Package: graphics 2014/10/28 v1.0p Standard LaTeX Graphics (DPC,SPQR)

(/usr/local/texlive/2015/texmf-dist/tex/latex/graphics/trig.sty
Package: trig 1999/03/16 v1.09 sin cos tan (DPC)
)
(/usr/local/texlive/2015/texmf-dist/tex/latex/latexconfig/graphics.cfg
File: graphics.cfg 2010/04/23 v1.9 graphics configuration of TeX Live
)
Package graphics Info: Driver file: pdftex.def on input line 94.

(/usr/local/texlive/2015/texmf-dist/tex/latex/pdftex-def/pdftex.def
File: pdftex.def 2011/05/27 v0.06d Graphics/color for pdfTeX

(/usr/local/texlive/2015/texmf-dist/tex/generic/oberdiek/infwarerr.sty
Package: infwarerr 2010/04/08 v1.3 Providing info/warning/error messages (HO)
)
(/usr/local/texlive/2015/texmf-dist/tex/generic/oberdiek/ltxcmds.sty
Package: ltxcmds 2011/11/09 v1.22 LaTeX kernel commands for general use (HO)
)
\Gread@gobject=\count119
))
\Gin@req@height=\dimen142
\Gin@req@width=\dimen143
)
(/usr/local/texlive/2015/texmf-dist/tex/latex/base/textcomp.sty
Package: textcomp 2005/09/27 v1.99g Standard LaTeX package
Package textcomp Info: Sub-encoding information:
(textcomp)               5 = only ISO-Adobe without \textcurrency
(textcomp)               4 = 5 + \texteuro
(textcomp)               3 = 4 + \textohm
(textcomp)               2 = 3 + \textestimated + \textcurrency
(textcomp)               1 = TS1 - \textcircled - \t
(textcomp)               0 = TS1 (full)
(textcomp)             Font families with sub-encoding setting implement
(textcomp)             only a restricted character set as indicated.
(textcomp)             Family '?' is the default used for unknown fonts.
(textcomp)             See the documentation for details.
Package textcomp Info: Setting ? sub-encoding to TS1/1 on input line 79.

(/usr/local/texlive/2015/texmf-dist/tex/latex/base/ts1enc.def
File: ts1enc.def 2001/06/05 v3.0e (jk/car/fm) Standard LaTeX file
)
LaTeX Info: Redefining \oldstylenums on input line 334.
Package textcomp Info: Setting cmr sub-encoding to TS1/0 on input line 349.
Package textcomp Info: Setting cmss sub-encoding to TS1/0 on input line 350.
Package textcomp Info: Setting cmtt sub-encoding to TS1/0 on input line 351.
Package textcomp Info: Setting cmvtt sub-encoding to TS1/0 on input line 352.
Package textcomp Info: Setting cmbr sub-encoding to TS1/0 on input line 353.
Package textcomp Info: Setting cmtl sub-encoding to TS1/0 on input line 354.
Package textcomp Info: Setting ccr sub-encoding to TS1/0 on input line 355.
Package textcomp Info: Setting ptm sub-encoding to TS1/4 on input line 356.
Package textcomp Info: Setting pcr sub-encoding to TS1/4 on input line 357.
Package textcomp Info: Setting phv sub-encoding to TS1/4 on input line 358.
Package textcomp Info: Setting ppl sub-encoding to TS1/3 on input line 359.
Package textcomp Info: Setting pag sub-encoding to TS1/4 on input line 360.
Package textcomp Info: Setting pbk sub-encoding to TS1/4 on input line 361.
Package textcomp Info: Setting pnc sub-encoding to TS1/4 on input line 362.
Package textcomp Info: Setting pzc sub-encoding to TS1/4 on input line 363.
Package textcomp Info: Setting bch sub-encoding to TS1/4 on input line 364.
Package textcomp Info: Setting put sub-encoding to TS1/5 on input line 365.
Package textcomp Info: Setting uag sub-encoding to TS1/5 on input line 366.
Package textcomp Info: Setting ugq sub-encoding to TS1/5 on input line 367.
Package textcomp Info: Setting ul8 sub-encoding to TS1/4 on input line 368.
Package textcomp Info: Setting ul9 sub-encoding to TS1/4 on input line 369.
Package textcomp Info: Setting augie sub-encoding to TS1/5 on input line 370.
Package textcomp Info: Setting dayrom sub-encoding to TS1/3 on input line 371.
Package textcomp Info: Setting dayroms sub-encoding to TS1/3 on input line 372.

Package textcomp Info: Setting pxr sub-encoding to TS1/0 on input line 373.
Package textcomp Info: Setting pxss sub-encoding to TS1/0 on input line 374.
Package textcomp Info: Setting pxtt sub-encoding to TS1/0 on input line 375.
Package textcomp Info: Setting txr sub-encoding to TS1/0 on input line 376.
Package textcomp Info: Setting txss sub-encoding to TS1/0 on input line 377.
Package textcomp Info: Setting txtt sub-encoding to TS1/0 on input line 378.
Package textcomp Info: Setting lmr sub-encoding to TS1/0 on input line 379.
Package textcomp Info: Setting lmdh sub-encoding to TS1/0 on input line 380.
Package textcomp Info: Setting lmss sub-encoding to TS1/0 on input line 381.
Package textcomp Info: Setting lmssq sub-encoding to TS1/0 on input line 382.
Package textcomp Info: Setting lmvtt sub-encoding to TS1/0 on input line 383.
Package textcomp Info: Setting lmtt sub-encoding to TS1/0 on input line 384.
Package textcomp Info: Setting qhv sub-encoding to TS1/0 on input line 385.
Package textcomp Info: Setting qag sub-encoding to TS1/0 on input line 386.
Package textcomp Info: Setting qbk sub-encoding to TS1/0 on input line 387.
Package textcomp Info: Setting qcr sub-encoding to TS1/0 on input line 388.
Package textcomp Info: Setting qcs sub-encoding to TS1/0 on input line 389.
Package textcomp Info: Setting qpl sub-encoding to TS1/0 on input line 390.
Package textcomp Info: Setting qtm sub-encoding to TS1/0 on input line 391.
Package textcomp Info: Setting qzc sub-encoding to TS1/0 on input line 392.
Package textcomp Info: Setting qhvc sub-encoding to TS1/0 on input line 393.
Package textcomp Info: Setting futs sub-encoding to TS1/4 on input line 394.
Package textcomp Info: Setting futx sub-encoding to TS1/4 on input line 395.
Package textcomp Info: Setting futj sub-encoding to TS1/4 on input line 396.
Package textcomp Info: Setting hlh sub-encoding to TS1/3 on input line 397.
Package textcomp Info: Setting hls sub-encoding to TS1/3 on input line 398.
Package textcomp Info: Setting hlst sub-encoding to TS1/3 on input line 399.
Package textcomp Info: Setting hlct sub-encoding to TS1/5 on input line 400.
Package textcomp Info: Setting hlx sub-encoding to TS1/5 on input line 401.
Package textcomp Info: Setting hlce sub-encoding to TS1/5 on input line 402.
Package textcomp Info: Setting hlcn sub-encoding to TS1/5 on input line 403.
Package textcomp Info: Setting hlcw sub-encoding to TS1/5 on input line 404.
Package textcomp Info: Setting hlcf sub-encoding to TS1/5 on input line 405.
Package textcomp Info: Setting pplx sub-encoding to TS1/3 on input line 406.
Package textcomp Info: Setting pplj sub-encoding to TS1/3 on input line 407.
Package textcomp Info: Setting ptmx sub-encoding to TS1/4 on input line 408.
Package textcomp Info: Setting ptmj sub-encoding to TS1/4 on input line 409.
)
(/usr/local/texlive/2015/texmf-dist/tex/latex/xcolor/xcolor.sty
Package: xcolor 2007/01/21 v2.11 LaTeX color extensions (UK)

(/usr/local/texlive/2015/texmf-dist/tex/latex/latexconfig/color.cfg
File: color.cfg 2007/01/18 v1.5 color configuration of teTeX/TeXLive
)
Package xcolor Info: Driver file: pdftex.def on input line 225.
Package xcolor Info: Model `cmy' substituted by `cmy0' on input line 1337.
Package xcolor Info: Model `hsb' substituted by `rgb' on input line 1341.
Package xcolor Info: Model `RGB' extended on input line 1353.
Package xcolor Info: Model `HTML' substituted by `rgb' on input line 1355.
Package xcolor Info: Model `Hsb' substituted by `hsb' on input line 1356.
Package xcolor Info: Model `tHsb' substituted by `hsb' on input line 1357.
Package xcolor Info: Model `HSB' substituted by `hsb' on input line 1358.
Package xcolor Info: Model `Gray' substituted by `gray' on input line 1359.
Package xcolor Info: Model `wave' substituted by `hsb' on input line 1360.
)
(/usr/local/texlive/2015/texmf-dist/tex/latex/tools/multicol.sty
Package: multicol 2015/03/31 v1.8m multicolumn formatting (FMi)
\c@tracingmulticols=\count120
\mult@box=\box32
\multicol@leftmargin=\dimen144
\c@unbalance=\count121
\c@collectmore=\count122
\doublecol@number=\count123
\multicoltolerance=\count124
\multicolpretolerance=\count125
\full@width=\dimen145
\page@free=\dimen146
\premulticols=\dimen147
\postmulticols=\dimen148
\multicolsep=\skip54
\multicolbaselineskip=\skip55
\partial@page=\box33
\last@line=\box34
\maxbalancingoverflow=\dimen149
\mult@rightbox=\box35
\mult@grightbox=\box36
\mult@gfirstbox=\box37
\mult@firstbox=\box38
\@tempa=\box39
\@tempa=\box40
\@tempa=\box41
\@tempa=\box42
\@tempa=\box43
\@tempa=\box44
\@tempa=\box45
\@tempa=\box46
\@tempa=\box47
\@tempa=\box48
\@tempa=\box49
\@tempa=\box50
\@tempa=\box51
\@tempa=\box52
\@tempa=\box53
\@tempa=\box54
\@tempa=\box55
\c@columnbadness=\count126
\c@finalcolumnbadness=\count127
\last@try=\dimen150
\multicolovershoot=\dimen151
\multicolundershoot=\dimen152
\mult@nat@firstbox=\box56
\colbreak@box=\box57
\mc@col@check@num=\count128
)
(./DimRedPaper.aux

LaTeX Warning: Label `fig:MNFTOP3' multiply defined.


LaTeX Warning: Label `sub@fig:MNFTOP3' multiply defined.


LaTeX Warning: Label `fig:MNFBOT3' multiply defined.


LaTeX Warning: Label `sub@fig:MNFBOT3' multiply defined.

)
\openout1 = `DimRedPaper.aux'.

LaTeX Font Info:    Checking defaults for OML/cmm/m/it on input line 17.
LaTeX Font Info:    ... okay on input line 17.
LaTeX Font Info:    Checking defaults for T1/cmr/m/n on input line 17.
LaTeX Font Info:    ... okay on input line 17.
LaTeX Font Info:    Checking defaults for OT1/cmr/m/n on input line 17.
LaTeX Font Info:    ... okay on input line 17.
LaTeX Font Info:    Checking defaults for OMS/cmsy/m/n on input line 17.
LaTeX Font Info:    ... okay on input line 17.
LaTeX Font Info:    Checking defaults for OMX/cmex/m/n on input line 17.
LaTeX Font Info:    ... okay on input line 17.
LaTeX Font Info:    Checking defaults for U/cmr/m/n on input line 17.
LaTeX Font Info:    ... okay on input line 17.
LaTeX Font Info:    Checking defaults for TS1/cmr/m/n on input line 17.
LaTeX Font Info:    Try loading font information for TS1+cmr on input line 17.
 (/usr/local/texlive/2015/texmf-dist/tex/latex/base/ts1cmr.fd
File: ts1cmr.fd 2014/09/29 v2.5h Standard LaTeX font definitions
)
LaTeX Font Info:    ... okay on input line 17.

-- Lines per column: 56 (exact).
Package caption Info: Begin \AtBeginDocument code.
Package caption Info: subfig package v1.3 is loaded.
Package caption Info: float package is loaded.
Package caption Info: End \AtBeginDocument code.
(/usr/local/texlive/2015/texmf-dist/tex/context/base/supp-pdf.mkii
[Loading MPS to PDF converter (version 2006.09.02).]
\scratchcounter=\count129
\scratchdimen=\dimen153
\scratchbox=\box58
\nofMPsegments=\count130
\nofMParguments=\count131
\everyMPshowfont=\toks23
\MPscratchCnt=\count132
\MPscratchDim=\dimen154
\MPnumerator=\count133
\makeMPintoPDFobject=\count134
\everyMPtoPDFconversion=\toks24
) (/usr/local/texlive/2015/texmf-dist/tex/generic/oberdiek/pdftexcmds.sty
Package: pdftexcmds 2011/11/29 v0.20 Utility functions of pdfTeX for LuaTeX (HO
)

(/usr/local/texlive/2015/texmf-dist/tex/generic/oberdiek/ifluatex.sty
Package: ifluatex 2010/03/01 v1.3 Provides the ifluatex switch (HO)
Package ifluatex Info: LuaTeX not detected.
)
(/usr/local/texlive/2015/texmf-dist/tex/generic/oberdiek/ifpdf.sty
Package: ifpdf 2011/01/30 v2.3 Provides the ifpdf switch (HO)
Package ifpdf Info: pdfTeX in PDF mode is detected.
)
Package pdftexcmds Info: LuaTeX not detected.
Package pdftexcmds Info: \pdf@primitive is available.
Package pdftexcmds Info: \pdf@ifprimitive is available.
Package pdftexcmds Info: \pdfdraftmode found.
)
(/usr/local/texlive/2015/texmf-dist/tex/latex/oberdiek/epstopdf-base.sty
Package: epstopdf-base 2010/02/09 v2.5 Base part for package epstopdf

(/usr/local/texlive/2015/texmf-dist/tex/latex/oberdiek/grfext.sty
Package: grfext 2010/08/19 v1.1 Manage graphics extensions (HO)

(/usr/local/texlive/2015/texmf-dist/tex/generic/oberdiek/kvdefinekeys.sty
Package: kvdefinekeys 2011/04/07 v1.3 Define keys (HO)
))
(/usr/local/texlive/2015/texmf-dist/tex/latex/oberdiek/kvoptions.sty
Package: kvoptions 2011/06/30 v3.11 Key value format for package options (HO)

(/usr/local/texlive/2015/texmf-dist/tex/generic/oberdiek/kvsetkeys.sty
Package: kvsetkeys 2012/04/25 v1.16 Key value parser (HO)

(/usr/local/texlive/2015/texmf-dist/tex/generic/oberdiek/etexcmds.sty
Package: etexcmds 2011/02/16 v1.5 Avoid name clashes with e-TeX commands (HO)
Package etexcmds Info: Could not find \expanded.
(etexcmds)             That can mean that you are not using pdfTeX 1.50 or
(etexcmds)             that some package has redefined \expanded.
(etexcmds)             In the latter case, load this package earlier.
)))
Package grfext Info: Graphics extension search list:
(grfext)             [.png,.pdf,.jpg,.mps,.jpeg,.jbig2,.jb2,.PNG,.PDF,.JPG,.JPE
G,.JBIG2,.JB2,.eps]
(grfext)             \AppendGraphicsExtensions on input line 452.

(/usr/local/texlive/2015/texmf-dist/tex/latex/latexconfig/epstopdf-sys.cfg
File: epstopdf-sys.cfg 2010/07/13 v1.3 Configuration of (r)epstopdf for TeX Liv
e
))
LaTeX Font Info:    Try loading font information for U+msa on input line 40.

(/usr/local/texlive/2015/texmf-dist/tex/latex/amsfonts/umsa.fd
File: umsa.fd 2013/01/14 v3.01 AMS symbols A
)
LaTeX Font Info:    Try loading font information for U+msb on input line 40.

(/usr/local/texlive/2015/texmf-dist/tex/latex/amsfonts/umsb.fd
File: umsb.fd 2013/01/14 v3.01 AMS symbols B
) [1{/usr/local/texlive/2015/texmf-var/fonts/map/pdftex/updmap/pdftex.map}]
<"figures/"dend.png, id=16, 366.61969pt x 291.33844pt>
File: "figures/"dend.png Graphic file (type png)

<use "figures/"dend.png>
Package pdftex.def Info: "figures/"dend.png used on input line 94.
(pdftex.def)             Requested size: 274.96408pt x 218.50328pt.

<"figures/"hscube.jpg, id=18, 311.1625pt x 311.1625pt>
File: "figures/"hscube.jpg Graphic file (type jpg)

<use "figures/"hscube.jpg>
Package pdftex.def Info: "figures/"hscube.jpg used on input line 105.
(pdftex.def)             Requested size: 154.8022pt x 113.80838pt.

<"figures/"uporc.png, id=19, 136.1085pt x 186.09525pt>
File: "figures/"uporc.png Graphic file (type png)

<use "figures/"uporc.png>
Package pdftex.def Info: "figures/"uporc.png used on input line 107.
(pdftex.def)             Requested size: 154.81638pt x 113.8104pt.
 [2 <./figures/dend.png>]
<"figures/"pre.jpg, id=25, 1124.2pt x 843.15pt>
File: "figures/"pre.jpg Graphic file (type jpg)
 <use "figures/"pre.jpg>
Package pdftex.def Info: "figures/"pre.jpg used on input line 119.
(pdftex.def)             Requested size: 232.19504pt x 120.92204pt.

<"figures/"post.jpg, id=26, 1124.2pt x 843.15pt>
File: "figures/"post.jpg Graphic file (type jpg)
 <use "figures/"post.jpg>
Package pdftex.def Info: "figures/"post.jpg used on input line 121.
(pdftex.def)             Requested size: 232.19504pt x 120.92204pt.

[3 <./figures/hscube.jpg> <./figures/uporc.png> <./figures/pre.jpg> <./figures/
post.jpg>] <"figures/"fullTrain.jpg, id=31, 2677.00125pt x 1329.96875pt>
File: "figures/"fullTrain.jpg Graphic file (type jpg)

<use "figures/"fullTrain.jpg>
Package pdftex.def Info: "figures/"fullTrain.jpg used on input line 152.
(pdftex.def)             Requested size: 232.19843pt x 115.34917pt.

<"figures/"classTrain.jpg, id=32, 2677.00125pt x 1329.96875pt>
File: "figures/"classTrain.jpg Graphic file (type jpg)

<use "figures/"classTrain.jpg>
Package pdftex.def Info: "figures/"classTrain.jpg used on input line 154.
(pdftex.def)             Requested size: 232.19843pt x 115.34917pt.

<"figures/"classaccpca.png, id=33, 1445.4pt x 536.75531pt>
File: "figures/"classaccpca.png Graphic file (type png)

<use "figures/"classaccpca.png>
Package pdftex.def Info: "figures/"classaccpca.png used on input line 166.
(pdftex.def)             Requested size: 232.19843pt x 86.22658pt.

<"figures/"varkept.png, id=34, 1156.32pt x 422.32782pt>
File: "figures/"varkept.png Graphic file (type png)

<use "figures/"varkept.png>
Package pdftex.def Info: "figures/"varkept.png used on input line 168.
(pdftex.def)             Requested size: 232.19843pt x 84.8056pt.

<"figures/"top3bot3.png, id=35, 1156.32pt x 408.77719pt>
File: "figures/"top3bot3.png Graphic file (type png)

<use "figures/"top3bot3.png>
Package pdftex.def Info: "figures/"top3bot3.png used on input line 175.
(pdftex.def)             Requested size: 515.99878pt x 113.80814pt.
 [4 <./figures/fullTrain.jpg> <./figures/classTrain.jpg> <./figures/classaccpca
.png (PNG copy)> <./figures/varkept.png (PNG copy)>] <"figures/"first3MNFtrain.
jpg, id=39, 1171.37625pt x 878.28125pt>
File: "figures/"first3MNFtrain.jpg Graphic file (type jpg)

<use "figures/"first3MNFtrain.jpg>
Package pdftex.def Info: "figures/"first3MNFtrain.jpg used on input line 186.
(pdftex.def)             Requested size: 232.19774pt x 113.80533pt.

<"figures/"last3MNFtrain.jpg, id=40, 1171.37625pt x 878.28125pt>
File: "figures/"last3MNFtrain.jpg Graphic file (type jpg)

<use "figures/"last3MNFtrain.jpg>
Package pdftex.def Info: "figures/"last3MNFtrain.jpg used on input line 188.
(pdftex.def)             Requested size: 232.19774pt x 113.80533pt.

<"figures/"MNFcovariancelevel.jpg, id=41, 1124.2pt x 843.15pt>
File: "figures/"MNFcovariancelevel.jpg Graphic file (type jpg)

<use "figures/"MNFcovariancelevel.jpg>
Package pdftex.def Info: "figures/"MNFcovariancelevel.jpg used on input line 19
5.
(pdftex.def)             Requested size: 232.19843pt x 174.14627pt.

<"figures/"MNFdiaglevel.jpg, id=42, 1124.2pt x 843.15pt>
File: "figures/"MNFdiaglevel.jpg Graphic file (type jpg)

<use "figures/"MNFdiaglevel.jpg>
Package pdftex.def Info: "figures/"MNFdiaglevel.jpg used on input line 197.
(pdftex.def)             Requested size: 232.19843pt x 174.14627pt.

<"figures/"hdrclassacc.png, id=43, 1445.4pt x 536.75531pt>
File: "figures/"hdrclassacc.png Graphic file (type png)

<use "figures/"hdrclassacc.png>
Package pdftex.def Info: "figures/"hdrclassacc.png used on input line 206.
(pdftex.def)             Requested size: 289.07487pt x 107.34915pt.
 [5 <./figures/top3bot3.png (PNG copy)> <./figures/first3MNFtrain.jpg> <./figur
es/last3MNFtrain.jpg> <./figures/MNFcovariancelevel.jpg> <./figures/MNFdiagleve
l.jpg>]
<"figures/"hdrsimmat.png, id=47, 1156.32pt x 409.53pt>
File: "figures/"hdrsimmat.png Graphic file (type png)

<use "figures/"hdrsimmat.png>
Package pdftex.def Info: "figures/"hdrsimmat.png used on input line 215.
(pdftex.def)             Requested size: 232.19504pt x 99.58273pt.

<"figures/"hdrwv21wv22.png, id=48, 654.94687pt x 330.48468pt>
File: "figures/"hdrwv21wv22.png Graphic file (type png)

<use "figures/"hdrwv21wv22.png>
Package pdftex.def Info: "figures/"hdrwv21wv22.png used on input line 217.
(pdftex.def)             Requested size: 232.19296pt x 99.58488pt.

Overfull \hbox (5.3221pt too wide) in paragraph at lines 225--244
 [][] 
 []


Overfull \hbox (5.3221pt too wide) in paragraph at lines 251--270
[][] 
 []


Overfull \hbox (5.3221pt too wide) in paragraph at lines 277--296
 [][] 
 []


Overfull \hbox (5.3221pt too wide) in paragraph at lines 304--323
 [][] 
 []

<"figures/"pavia1.jpg, id=49, 1124.2pt x 843.15pt>
File: "figures/"pavia1.jpg Graphic file (type jpg)
 <use "figures/"pavia1.jpg>
Package pdftex.def Info: "figures/"pavia1.jpg used on input line 333.
(pdftex.def)             Requested size: 206.39685pt x 154.79668pt.

<"figures/"paviaSq1.jpg, id=50, 1124.2pt x 843.15pt>
File: "figures/"paviaSq1.jpg Graphic file (type jpg)

<use "figures/"paviaSq1.jpg>
Package pdftex.def Info: "figures/"paviaSq1.jpg used on input line 335.
(pdftex.def)             Requested size: 206.39685pt x 154.79668pt.
 [6 <./figures/hdrclassacc.png (PNG copy)> <./figures/hdrsimmat.png (PNG copy)>
 <./figures/hdrwv21wv22.png (PNG copy)>]
<"figures/"scatterPavia.jpg, id=54, 2677.00125pt x 1329.96875pt>
File: "figures/"scatterPavia.jpg Graphic file (type jpg)

<use "figures/"scatterPavia.jpg>
Package pdftex.def Info: "figures/"scatterPavia.jpg used on input line 341.
(pdftex.def)             Requested size: 206.39685pt x 102.52357pt.

<"figures/"scatterPaviaSqueezed.jpg, id=55, 2677.00125pt x 1329.96875pt>
File: "figures/"scatterPaviaSqueezed.jpg Graphic file (type jpg)

<use "figures/"scatterPaviaSqueezed.jpg>
Package pdftex.def Info: "figures/"scatterPaviaSqueezed.jpg used on input line 
343.
(pdftex.def)             Requested size: 206.39685pt x 102.52357pt.

<"figures/"mean-4.jpg, id=56, 1171.37625pt x 878.28125pt>
File: "figures/"mean-4.jpg Graphic file (type jpg)

<use "figures/"mean-4.jpg>
Package pdftex.def Info: "figures/"mean-4.jpg used on input line 350.
(pdftex.def)             Requested size: 92.87622pt x 69.63406pt.

<"figures/"mean-2.jpg, id=57, 1171.37625pt x 878.28125pt>
File: "figures/"mean-2.jpg Graphic file (type jpg)

<use "figures/"mean-2.jpg>
Package pdftex.def Info: "figures/"mean-2.jpg used on input line 351.
(pdftex.def)             Requested size: 92.87622pt x 69.63406pt.

<"figures/"mean0.jpg, id=58, 1171.37625pt x 878.28125pt>
File: "figures/"mean0.jpg Graphic file (type jpg)

<use "figures/"mean0.jpg>
Package pdftex.def Info: "figures/"mean0.jpg used on input line 352.
(pdftex.def)             Requested size: 92.87622pt x 69.63406pt.

<"figures/"mean2.jpg, id=59, 1171.37625pt x 878.28125pt>
File: "figures/"mean2.jpg Graphic file (type jpg)

<use "figures/"mean2.jpg>
Package pdftex.def Info: "figures/"mean2.jpg used on input line 353.
(pdftex.def)             Requested size: 92.87622pt x 69.63406pt.

<"figures/"mean4.jpg, id=60, 1171.37625pt x 878.28125pt>
File: "figures/"mean4.jpg Graphic file (type jpg)

<use "figures/"mean4.jpg>
Package pdftex.def Info: "figures/"mean4.jpg used on input line 354.
(pdftex.def)             Requested size: 92.87622pt x 69.63406pt.

<"figures/"mnf-4.jpg, id=61, 2677.00125pt x 1329.96875pt>
File: "figures/"mnf-4.jpg Graphic file (type jpg)

<use "figures/"mnf-4.jpg>
Package pdftex.def Info: "figures/"mnf-4.jpg used on input line 361.
(pdftex.def)             Requested size: 92.87622pt x 46.12749pt.

<"figures/"mnf-2.jpg, id=62, 2677.00125pt x 1329.96875pt>
File: "figures/"mnf-2.jpg Graphic file (type jpg)

<use "figures/"mnf-2.jpg>
Package pdftex.def Info: "figures/"mnf-2.jpg used on input line 362.
(pdftex.def)             Requested size: 92.87622pt x 46.12749pt.

<"figures/"mnf0.jpg, id=63, 2677.00125pt x 1329.96875pt>
File: "figures/"mnf0.jpg Graphic file (type jpg)

<use "figures/"mnf0.jpg>
Package pdftex.def Info: "figures/"mnf0.jpg used on input line 363.
(pdftex.def)             Requested size: 92.87622pt x 46.12749pt.

<"figures/"mnf2.jpg, id=64, 2677.00125pt x 1329.96875pt>
File: "figures/"mnf2.jpg Graphic file (type jpg)

<use "figures/"mnf2.jpg>
Package pdftex.def Info: "figures/"mnf2.jpg used on input line 364.
(pdftex.def)             Requested size: 92.87622pt x 46.12749pt.

<"figures/"mnf4.jpg, id=65, 2677.00125pt x 1329.96875pt>
File: "figures/"mnf4.jpg Graphic file (type jpg)

<use "figures/"mnf4.jpg>
Package pdftex.def Info: "figures/"mnf4.jpg used on input line 365.
(pdftex.def)             Requested size: 92.87622pt x 46.12749pt.

<"figures/"Noisescattermnf-4.jpg, id=66, 2677.00125pt x 1329.96875pt>
File: "figures/"Noisescattermnf-4.jpg Graphic file (type jpg)

<use "figures/"Noisescattermnf-4.jpg>
Package pdftex.def Info: "figures/"Noisescattermnf-4.jpg used on input line 372
.
(pdftex.def)             Requested size: 92.87622pt x 46.12749pt.

<"figures/"Noisescattermnf-2.jpg, id=67, 2677.00125pt x 1329.96875pt>
File: "figures/"Noisescattermnf-2.jpg Graphic file (type jpg)

<use "figures/"Noisescattermnf-2.jpg>
Package pdftex.def Info: "figures/"Noisescattermnf-2.jpg used on input line 373
.
(pdftex.def)             Requested size: 92.87622pt x 46.12749pt.

<"figures/"Noisescattermnf0.jpg, id=68, 2677.00125pt x 1329.96875pt>
File: "figures/"Noisescattermnf0.jpg Graphic file (type jpg)

<use "figures/"Noisescattermnf0.jpg>
Package pdftex.def Info: "figures/"Noisescattermnf0.jpg used on input line 374.

(pdftex.def)             Requested size: 92.87622pt x 46.12749pt.

<"figures/"Noisescattermnf2.jpg, id=69, 2677.00125pt x 1329.96875pt>
File: "figures/"Noisescattermnf2.jpg Graphic file (type jpg)

<use "figures/"Noisescattermnf2.jpg>
Package pdftex.def Info: "figures/"Noisescattermnf2.jpg used on input line 375.

(pdftex.def)             Requested size: 92.87622pt x 46.12749pt.

<"figures/"Noisescattermnf4.jpg, id=70, 2677.00125pt x 1329.96875pt>
File: "figures/"Noisescattermnf4.jpg Graphic file (type jpg)

<use "figures/"Noisescattermnf4.jpg>
Package pdftex.def Info: "figures/"Noisescattermnf4.jpg used on input line 376.

(pdftex.def)             Requested size: 92.87622pt x 46.12749pt.
 [7 <./figures/pavia1.jpg> <./figures/paviaSq1.jpg> <./figures/scatterPavia.jpg
> <./figures/scatterPaviaSqueezed.jpg> <./figures/mean-4.jpg> <./figures/mean-2
.jpg> <./figures/mean0.jpg> <./figures/mean2.jpg> <./figures/mean4.jpg> <./figu
res/mnf-4.jpg> <./figures/mnf-2.jpg> <./figures/mnf0.jpg> <./figures/mnf2.jpg> 
<./figures/mnf4.jpg>]
<"figures/"meansqueezed-4.jpg, id=75, 1171.37625pt x 878.28125pt>
File: "figures/"meansqueezed-4.jpg Graphic file (type jpg)

<use "figures/"meansqueezed-4.jpg>
Package pdftex.def Info: "figures/"meansqueezed-4.jpg used on input line 384.
(pdftex.def)             Requested size: 92.87622pt x 69.63406pt.

<"figures/"meansqueezed-2.jpg, id=76, 1171.37625pt x 878.28125pt>
File: "figures/"meansqueezed-2.jpg Graphic file (type jpg)

<use "figures/"meansqueezed-2.jpg>
Package pdftex.def Info: "figures/"meansqueezed-2.jpg used on input line 385.
(pdftex.def)             Requested size: 92.87622pt x 69.63406pt.

<"figures/"meansqueezed0.jpg, id=77, 1171.37625pt x 878.28125pt>
File: "figures/"meansqueezed0.jpg Graphic file (type jpg)

<use "figures/"meansqueezed0.jpg>
Package pdftex.def Info: "figures/"meansqueezed0.jpg used on input line 386.
(pdftex.def)             Requested size: 92.87622pt x 69.63406pt.

<"figures/"meansqueezed2.jpg, id=78, 1171.37625pt x 878.28125pt>
File: "figures/"meansqueezed2.jpg Graphic file (type jpg)

<use "figures/"meansqueezed2.jpg>
Package pdftex.def Info: "figures/"meansqueezed2.jpg used on input line 387.
(pdftex.def)             Requested size: 92.87622pt x 69.63406pt.

<"figures/"meansqueezed4.jpg, id=79, 1171.37625pt x 878.28125pt>
File: "figures/"meansqueezed4.jpg Graphic file (type jpg)

<use "figures/"meansqueezed4.jpg>
Package pdftex.def Info: "figures/"meansqueezed4.jpg used on input line 388.
(pdftex.def)             Requested size: 92.87622pt x 69.63406pt.

<"figures/"mnfsqueezed-4.jpg, id=80, 2677.00125pt x 1329.96875pt>
File: "figures/"mnfsqueezed-4.jpg Graphic file (type jpg)

<use "figures/"mnfsqueezed-4.jpg>
Package pdftex.def Info: "figures/"mnfsqueezed-4.jpg used on input line 395.
(pdftex.def)             Requested size: 92.87622pt x 46.12749pt.

<"figures/"mnfsqueezed-2.jpg, id=81, 2677.00125pt x 1329.96875pt>
File: "figures/"mnfsqueezed-2.jpg Graphic file (type jpg)

<use "figures/"mnfsqueezed-2.jpg>
Package pdftex.def Info: "figures/"mnfsqueezed-2.jpg used on input line 396.
(pdftex.def)             Requested size: 92.87622pt x 46.12749pt.

<"figures/"mnfsqueezed0.jpg, id=82, 2677.00125pt x 1329.96875pt>
File: "figures/"mnfsqueezed0.jpg Graphic file (type jpg)

<use "figures/"mnfsqueezed0.jpg>
Package pdftex.def Info: "figures/"mnfsqueezed0.jpg used on input line 397.
(pdftex.def)             Requested size: 92.87622pt x 46.12749pt.

<"figures/"mnfsqueezed2.jpg, id=83, 2677.00125pt x 1329.96875pt>
File: "figures/"mnfsqueezed2.jpg Graphic file (type jpg)

<use "figures/"mnfsqueezed2.jpg>
Package pdftex.def Info: "figures/"mnfsqueezed2.jpg used on input line 398.
(pdftex.def)             Requested size: 92.87622pt x 46.12749pt.

<"figures/"mnfsqueezed4.jpg, id=84, 2677.00125pt x 1329.96875pt>
File: "figures/"mnfsqueezed4.jpg Graphic file (type jpg)

<use "figures/"mnfsqueezed4.jpg>
Package pdftex.def Info: "figures/"mnfsqueezed4.jpg used on input line 399.
(pdftex.def)             Requested size: 92.87622pt x 46.12749pt.

<"figures/"Noisescattermnfsqueezed-4.jpg, id=85, 2677.00125pt x 1329.96875pt>
File: "figures/"Noisescattermnfsqueezed-4.jpg Graphic file (type jpg)

<use "figures/"Noisescattermnfsqueezed-4.jpg>
Package pdftex.def Info: "figures/"Noisescattermnfsqueezed-4.jpg used on input 
line 406.
(pdftex.def)             Requested size: 92.87622pt x 46.12749pt.

<"figures/"Noisescattermnfsqueezed-2.jpg, id=86, 2677.00125pt x 1329.96875pt>
File: "figures/"Noisescattermnfsqueezed-2.jpg Graphic file (type jpg)

<use "figures/"Noisescattermnfsqueezed-2.jpg>
Package pdftex.def Info: "figures/"Noisescattermnfsqueezed-2.jpg used on input 
line 407.
(pdftex.def)             Requested size: 92.87622pt x 46.12749pt.

<"figures/"Noisescattermnfsqueezed0.jpg, id=87, 2677.00125pt x 1329.96875pt>
File: "figures/"Noisescattermnfsqueezed0.jpg Graphic file (type jpg)

<use "figures/"Noisescattermnfsqueezed0.jpg>
Package pdftex.def Info: "figures/"Noisescattermnfsqueezed0.jpg used on input l
ine 408.
(pdftex.def)             Requested size: 92.87622pt x 46.12749pt.

<"figures/"Noisescattermnfsqueezed2.jpg, id=88, 2677.00125pt x 1329.96875pt>
File: "figures/"Noisescattermnfsqueezed2.jpg Graphic file (type jpg)

<use "figures/"Noisescattermnfsqueezed2.jpg>
Package pdftex.def Info: "figures/"Noisescattermnfsqueezed2.jpg used on input l
ine 409.
(pdftex.def)             Requested size: 92.87622pt x 46.12749pt.

<"figures/"Noisescattermnfsqueezed4.jpg, id=89, 2677.00125pt x 1329.96875pt>
File: "figures/"Noisescattermnfsqueezed4.jpg Graphic file (type jpg)

<use "figures/"Noisescattermnfsqueezed4.jpg>
Package pdftex.def Info: "figures/"Noisescattermnfsqueezed4.jpg used on input l
ine 410.
(pdftex.def)             Requested size: 92.87622pt x 46.12749pt.

<"figures/"mnfdiag-4.jpg, id=90, 2677.00125pt x 1329.96875pt>
File: "figures/"mnfdiag-4.jpg Graphic file (type jpg)

<use "figures/"mnfdiag-4.jpg>
Package pdftex.def Info: "figures/"mnfdiag-4.jpg used on input line 419.
(pdftex.def)             Requested size: 92.87622pt x 46.12749pt.

<"figures/"mnfdiag-2.jpg, id=91, 2677.00125pt x 1329.96875pt>
File: "figures/"mnfdiag-2.jpg Graphic file (type jpg)

<use "figures/"mnfdiag-2.jpg>
Package pdftex.def Info: "figures/"mnfdiag-2.jpg used on input line 420.
(pdftex.def)             Requested size: 92.87622pt x 46.12749pt.

<"figures/"mnfdiag0.jpg, id=92, 2677.00125pt x 1329.96875pt>
File: "figures/"mnfdiag0.jpg Graphic file (type jpg)

<use "figures/"mnfdiag0.jpg>
Package pdftex.def Info: "figures/"mnfdiag0.jpg used on input line 421.
(pdftex.def)             Requested size: 92.87622pt x 46.12749pt.

<"figures/"mnfdiag2.jpg, id=93, 2677.00125pt x 1329.96875pt>
File: "figures/"mnfdiag2.jpg Graphic file (type jpg)

<use "figures/"mnfdiag2.jpg>
Package pdftex.def Info: "figures/"mnfdiag2.jpg used on input line 422.
(pdftex.def)             Requested size: 92.87622pt x 46.12749pt.

<"figures/"mnfdiag4.jpg, id=94, 2677.00125pt x 1329.96875pt>
File: "figures/"mnfdiag4.jpg Graphic file (type jpg)

<use "figures/"mnfdiag4.jpg>
Package pdftex.def Info: "figures/"mnfdiag4.jpg used on input line 423.
(pdftex.def)             Requested size: 92.87622pt x 46.12749pt.

<"figures/"scattermnf-4.jpg, id=95, 2677.00125pt x 1329.96875pt>
File: "figures/"scattermnf-4.jpg Graphic file (type jpg)

<use "figures/"scattermnf-4.jpg>
Package pdftex.def Info: "figures/"scattermnf-4.jpg used on input line 430.
(pdftex.def)             Requested size: 92.87622pt x 46.12749pt.

<"figures/"scattermnf-2.jpg, id=96, 2677.00125pt x 1329.96875pt>
File: "figures/"scattermnf-2.jpg Graphic file (type jpg)

<use "figures/"scattermnf-2.jpg>
Package pdftex.def Info: "figures/"scattermnf-2.jpg used on input line 431.
(pdftex.def)             Requested size: 92.87622pt x 46.12749pt.

<"figures/"scattermnf0.jpg, id=97, 2677.00125pt x 1329.96875pt>
File: "figures/"scattermnf0.jpg Graphic file (type jpg)

<use "figures/"scattermnf0.jpg>
Package pdftex.def Info: "figures/"scattermnf0.jpg used on input line 432.
(pdftex.def)             Requested size: 92.87622pt x 46.12749pt.

<"figures/"scattermnf2.jpg, id=98, 2677.00125pt x 1329.96875pt>
File: "figures/"scattermnf2.jpg Graphic file (type jpg)

<use "figures/"scattermnf2.jpg>
Package pdftex.def Info: "figures/"scattermnf2.jpg used on input line 433.
(pdftex.def)             Requested size: 92.87622pt x 46.12749pt.

<"figures/"scattermnf4.jpg, id=99, 2677.00125pt x 1329.96875pt>
File: "figures/"scattermnf4.jpg Graphic file (type jpg)

<use "figures/"scattermnf4.jpg>
Package pdftex.def Info: "figures/"scattermnf4.jpg used on input line 434.
(pdftex.def)             Requested size: 92.87622pt x 46.12749pt.

<"figures/"mnfdiagsqueezed-4.jpg, id=100, 2677.00125pt x 1329.96875pt>
File: "figures/"mnfdiagsqueezed-4.jpg Graphic file (type jpg)

<use "figures/"mnfdiagsqueezed-4.jpg>
Package pdftex.def Info: "figures/"mnfdiagsqueezed-4.jpg used on input line 441
.
(pdftex.def)             Requested size: 92.87622pt x 46.12749pt.

<"figures/"mnfdiagsqueezed-2.jpg, id=101, 2677.00125pt x 1329.96875pt>
File: "figures/"mnfdiagsqueezed-2.jpg Graphic file (type jpg)

<use "figures/"mnfdiagsqueezed-2.jpg>
Package pdftex.def Info: "figures/"mnfdiagsqueezed-2.jpg used on input line 442
.
(pdftex.def)             Requested size: 92.87622pt x 46.12749pt.

<"figures/"mnfdiagsqueezed0.jpg, id=102, 2677.00125pt x 1329.96875pt>
File: "figures/"mnfdiagsqueezed0.jpg Graphic file (type jpg)

<use "figures/"mnfdiagsqueezed0.jpg>
Package pdftex.def Info: "figures/"mnfdiagsqueezed0.jpg used on input line 443.

(pdftex.def)             Requested size: 92.87622pt x 46.12749pt.

<"figures/"mnfdiagsqueezed2.jpg, id=103, 2677.00125pt x 1329.96875pt>
File: "figures/"mnfdiagsqueezed2.jpg Graphic file (type jpg)

<use "figures/"mnfdiagsqueezed2.jpg>
Package pdftex.def Info: "figures/"mnfdiagsqueezed2.jpg used on input line 444.

(pdftex.def)             Requested size: 92.87622pt x 46.12749pt.

<"figures/"mnfdiagsqueezed4.jpg, id=104, 2677.00125pt x 1329.96875pt>
File: "figures/"mnfdiagsqueezed4.jpg Graphic file (type jpg)

<use "figures/"mnfdiagsqueezed4.jpg>
Package pdftex.def Info: "figures/"mnfdiagsqueezed4.jpg used on input line 445.

(pdftex.def)             Requested size: 92.87622pt x 46.12749pt.
 [8 <./figures/Noisescattermnf-4.jpg> <./figures/Noisescattermnf-2.jpg> <./figu
res/Noisescattermnf0.jpg> <./figures/Noisescattermnf2.jpg> <./figures/Noisescat
termnf4.jpg> <./figures/meansqueezed-4.jpg> <./figures/meansqueezed-2.jpg> <./f
igures/meansqueezed0.jpg> <./figures/meansqueezed2.jpg> <./figures/meansqueezed
4.jpg> <./figures/mnfsqueezed-4.jpg> <./figures/mnfsqueezed-2.jpg> <./figures/m
nfsqueezed0.jpg> <./figures/mnfsqueezed2.jpg> <./figures/mnfsqueezed4.jpg> <./f
igures/Noisescattermnfsqueezed-4.jpg> <./figures/Noisescattermnfsqueezed-2.jpg>
 <./figures/Noisescattermnfsqueezed0.jpg> <./figures/Noisescattermnfsqueezed2.j
pg> <./figures/Noisescattermnfsqueezed4.jpg> <./figures/mnfdiag-4.jpg> <./figur
es/mnfdiag-2.jpg> <./figures/mnfdiag0.jpg> <./figures/mnfdiag2.jpg> <./figures/
mnfdiag4.jpg> <./figures/scattermnf-4.jpg> <./figures/scattermnf-2.jpg> <./figu
res/scattermnf0.jpg> <./figures/scattermnf2.jpg> <./figures/scattermnf4.jpg>]
<"figures/"scattermnfsqueezed-4.jpg, id=108, 2677.00125pt x 1329.96875pt>
File: "figures/"scattermnfsqueezed-4.jpg Graphic file (type jpg)

<use "figures/"scattermnfsqueezed-4.jpg>
Package pdftex.def Info: "figures/"scattermnfsqueezed-4.jpg used on input line 
452.
(pdftex.def)             Requested size: 92.87622pt x 46.12749pt.

<"figures/"scattermnfsqueezed-2.jpg, id=109, 2677.00125pt x 1329.96875pt>
File: "figures/"scattermnfsqueezed-2.jpg Graphic file (type jpg)

<use "figures/"scattermnfsqueezed-2.jpg>
Package pdftex.def Info: "figures/"scattermnfsqueezed-2.jpg used on input line 
453.
(pdftex.def)             Requested size: 92.87622pt x 46.12749pt.

<"figures/"scattermnfsqueezed0.jpg, id=110, 2677.00125pt x 1329.96875pt>
File: "figures/"scattermnfsqueezed0.jpg Graphic file (type jpg)

<use "figures/"scattermnfsqueezed0.jpg>
Package pdftex.def Info: "figures/"scattermnfsqueezed0.jpg used on input line 4
54.
(pdftex.def)             Requested size: 92.87622pt x 46.12749pt.

<"figures/"scattermnfsqueezed2.jpg, id=111, 2677.00125pt x 1329.96875pt>
File: "figures/"scattermnfsqueezed2.jpg Graphic file (type jpg)

<use "figures/"scattermnfsqueezed2.jpg>
Package pdftex.def Info: "figures/"scattermnfsqueezed2.jpg used on input line 4
55.
(pdftex.def)             Requested size: 92.87622pt x 46.12749pt.

<"figures/"scattermnfsqueezed4.jpg, id=112, 2677.00125pt x 1329.96875pt>
File: "figures/"scattermnfsqueezed4.jpg Graphic file (type jpg)

<use "figures/"scattermnfsqueezed4.jpg>
Package pdftex.def Info: "figures/"scattermnfsqueezed4.jpg used on input line 4
56.
(pdftex.def)             Requested size: 92.87622pt x 46.12749pt.
 [9 <./figures/mnfdiagsqueezed-4.jpg> <./figures/mnfdiagsqueezed-2.jpg> <./figu
res/mnfdiagsqueezed0.jpg> <./figures/mnfdiagsqueezed2.jpg> <./figures/mnfdiagsq
ueezed4.jpg> <./figures/scattermnfsqueezed-4.jpg> <./figures/scattermnfsqueezed
-2.jpg> <./figures/scattermnfsqueezed0.jpg> <./figures/scattermnfsqueezed2.jpg>
 <./figures/scattermnfsqueezed4.jpg>]
(./DimRedPaper.bbl)

** Conference Paper **
Before submitting the final camera ready copy, remember to:

 1. Manually equalize the lengths of two columns on the last page
 of your paper;

 2. Ensure that any PostScript and/or PDF output post-processing
 uses only Type 1 fonts and that every step in the generation
 process uses the appropriate paper size.

[10] (./DimRedPaper.aux)

LaTeX Warning: There were multiply-defined labels.

 ) 
Here is how much of TeX's memory you used:
 6101 strings out of 493089
 97647 string characters out of 6134842
 160377 words of memory out of 5000000
 9428 multiletter control sequences out of 15000+600000
 39394 words of font info for 87 fonts, out of 8000000 for 9000
 1141 hyphenation exceptions out of 8191
 44i,11n,47p,1717b,380s stack positions out of 5000i,500n,10000p,200000b,80000s
{/usr/local/texlive/2015/texmf-dist/fonts/enc/dvips/base/8r.enc}</usr/local/t
exlive/2015/texmf-dist/fonts/type1/public/amsfonts/cm/cmbx10.pfb></usr/local/te
xlive/2015/texmf-dist/fonts/type1/public/amsfonts/cm/cmex10.pfb></usr/local/tex
live/2015/texmf-dist/fonts/type1/public/amsfonts/cm/cmmi10.pfb></usr/local/texl
ive/2015/texmf-dist/fonts/type1/public/amsfonts/cm/cmmi7.pfb></usr/local/texliv
e/2015/texmf-dist/fonts/type1/public/amsfonts/cm/cmr10.pfb></usr/local/texlive/
2015/texmf-dist/fonts/type1/public/amsfonts/cm/cmr7.pfb></usr/local/texlive/201
5/texmf-dist/fonts/type1/public/amsfonts/cm/cmsy10.pfb></usr/local/texlive/2015
/texmf-dist/fonts/type1/public/amsfonts/cm/cmsy7.pfb></usr/local/texlive/2015/t
exmf-dist/fonts/type1/urw/times/utmb8a.pfb></usr/local/texlive/2015/texmf-dist/
fonts/type1/urw/times/utmr8a.pfb></usr/local/texlive/2015/texmf-dist/fonts/type
1/urw/times/utmri8a.pfb>
Output written on DimRedPaper.pdf (10 pages, 13067774 bytes).
PDF statistics:
 156 PDF objects out of 1000 (max. 8388607)
 59 compressed objects within 1 object stream
 0 named destinations out of 1000 (max. 500000)
 356 words of extra memory for PDF output out of 10000 (max. 10000000)

